INFO:sim:172 - Generating IP...
WARNING:sim:100 - The Simulation File Type <Behavioral> is not valid for this
   core. Overriding with File Type <structural>.
Customizing IP...
Qt: Untested Windows version 6.2 detected!
Release 14.7 - Xilinx CORE Generator IP GUI Launcher P.20131013 (nt64)
Copyright (c) 1995-2013 Xilinx, Inc.  All rights reserved.
Finished Customizing.
Generating IP...
Configuring files for chip_vio root...
Gathering HDL files for chip_vio root...
Creating XST project for chip_vio...
Creating XST script file for chip_vio...
Creating XST instantiation file for chip_vio...
Running XST for chip_vio...
XST: HDL Compilation
XST: Design Hierarchy Analysis
XST: HDL Analysis
XST: HDL Synthesis
XST: Advanced HDL Synthesis
XST: Low Level Synthesis
Generating VHDL wrapper
Not generating Verilog wrapper
Creating ISE instantiation template for chip_vio...
Skipping Verilog instantiation template for chip_vio...
Finished Generation.
Generating IP instantiation template...
Generating ASY schematic symbol...
INFO:sim:949 - Finished generation of ASY schematic symbol.
Generating SYM schematic symbol for 'chip_vio'...
Generating metadata file...
Generating ISE project...
XCO file found: chip_vio.xco
XMDF file found: chip_vio_xmdf.tcl
Adding C:/Users/hp/Documents/eda/chip_fpmsp/ipcore_dir/tmp/_cg/chip_vio.asy
-view all -origin_type imported
Adding C:/Users/hp/Documents/eda/chip_fpmsp/ipcore_dir/tmp/_cg/chip_vio.ngc
-view all -origin_type created
Checking file
"C:/Users/hp/Documents/eda/chip_fpmsp/ipcore_dir/tmp/_cg/chip_vio.ngc" for
project device match ...
File "C:/Users/hp/Documents/eda/chip_fpmsp/ipcore_dir/tmp/_cg/chip_vio.ngc"
device information matches project device.
Adding C:/Users/hp/Documents/eda/chip_fpmsp/ipcore_dir/tmp/_cg/chip_vio.vhd
-view all -origin_type created
INFO:HDLCompiler:1061 - Parsing VHDL file
   "C:/Users/hp/Documents/eda/chip_fpmsp/ipcore_dir/tmp/_cg/chip_vio.vhd" into
   library work
INFO:ProjectMgmt - Parsing design hierarchy completed successfully.
Adding C:/Users/hp/Documents/eda/chip_fpmsp/ipcore_dir/tmp/_cg/chip_vio.vho
-view all -origin_type imported
INFO:TclTasksC:2116 - The automatic calculation of top has been turned-off.
   Please set the new top explicitly by running the "project set top" command.
   To re-calculate the new top automatically, set the "Auto Implementation Top"
   property to true.
Top level has been set to "/chip_vio"
Generating README file...
Generating FLIST file...
INFO:sim:948 - Finished FLIST file generation.
Launching README viewer...
Moving files to output directory...
Finished moving files to output directory
Wrote CGP file for project 'chip_vio'.
