Release 14.7 - xst P.20131013 (nt64)
Copyright (c) 1995-2013 Xilinx, Inc.  All rights reserved.
--> Parameter TMPDIR set to xst/projnav.tmp


Total REAL time to Xst completion: 0.00 secs
Total CPU time to Xst completion: 0.14 secs
 
--> Parameter xsthdpdir set to xst


Total REAL time to Xst completion: 0.00 secs
Total CPU time to Xst completion: 0.14 secs
 
--> Reading design: sec.prj

TABLE OF CONTENTS
  1) Synthesis Options Summary
  2) HDL Compilation
  3) Design Hierarchy Analysis
  4) HDL Analysis
  5) HDL Synthesis
     5.1) HDL Synthesis Report
  6) Advanced HDL Synthesis
     6.1) Advanced HDL Synthesis Report
  7) Low Level Synthesis
  8) Partition Report
  9) Final Report
	9.1) Device utilization summary
	9.2) Partition Resource Summary
	9.3) TIMING REPORT


=========================================================================
*                      Synthesis Options Summary                        *
=========================================================================
---- Source Parameters
Input File Name                    : "sec.prj"
Input Format                       : mixed
Ignore Synthesis Constraint File   : NO

---- Target Parameters
Output File Name                   : "sec"
Output Format                      : NGC
Target Device                      : xc3s500e-5-fg320

---- Source Options
Top Module Name                    : sec
Automatic FSM Extraction           : YES
FSM Encoding Algorithm             : Auto
Safe Implementation                : No
FSM Style                          : LUT
RAM Extraction                     : Yes
RAM Style                          : Auto
ROM Extraction                     : Yes
Mux Style                          : Auto
Decoder Extraction                 : YES
Priority Encoder Extraction        : Yes
Shift Register Extraction          : YES
Logical Shifter Extraction         : YES
XOR Collapsing                     : YES
ROM Style                          : Auto
Mux Extraction                     : Yes
Resource Sharing                   : YES
Asynchronous To Synchronous        : NO
Multiplier Style                   : Auto
Automatic Register Balancing       : No

---- Target Options
Add IO Buffers                     : YES
Global Maximum Fanout              : 100000
Add Generic Clock Buffer(BUFG)     : 24
Register Duplication               : YES
Slice Packing                      : YES
Optimize Instantiated Primitives   : NO
Use Clock Enable                   : Yes
Use Synchronous Set                : Yes
Use Synchronous Reset              : Yes
Pack IO Registers into IOBs        : Auto
Equivalent register Removal        : YES

---- General Options
Optimization Goal                  : Speed
Optimization Effort                : 1
Keep Hierarchy                     : No
Netlist Hierarchy                  : As_Optimized
RTL Output                         : Yes
Global Optimization                : AllClockNets
Read Cores                         : YES
Write Timing Constraints           : NO
Cross Clock Analysis               : NO
Hierarchy Separator                : /
Bus Delimiter                      : <>
Case Specifier                     : Maintain
Slice Utilization Ratio            : 100
BRAM Utilization Ratio             : 100
Verilog 2001                       : YES
Auto BRAM Packing                  : NO
Slice Utilization Ratio Delta      : 5

=========================================================================


=========================================================================
*                          HDL Compilation                              *
=========================================================================
Compiling vhdl file "C:/Users/hp/Documents/eda/FPD/sec.vhd" in Library work.
Architecture behavioral of Entity sec is up to date.

=========================================================================
*                     Design Hierarchy Analysis                         *
=========================================================================
Analyzing hierarchy for entity <sec> in library <work> (architecture <behavioral>).


=========================================================================
*                            HDL Analysis                               *
=========================================================================
Analyzing Entity <sec> in library <work> (Architecture <behavioral>).
WARNING:Xst:790 - "C:/Users/hp/Documents/eda/FPD/sec.vhd" line 57: Index value(s) does not match array range, simulation mismatch.
WARNING:Xst:790 - "C:/Users/hp/Documents/eda/FPD/sec.vhd" line 60: Index value(s) does not match array range, simulation mismatch.
Entity <sec> analyzed. Unit <sec> generated.


=========================================================================
*                           HDL Synthesis                               *
=========================================================================

Performing bidirectional port resolution...

Synthesizing Unit <sec>.
    Related source file is "C:/Users/hp/Documents/eda/FPD/sec.vhd".
    Found 17-bit comparator greater for signal <manout_0$cmp_gt0000> created at line 56.
    Found 9-bit adder for signal <p_sig$addsub0000> created at line 63.
    Found 9-bit subtractor for signal <p_sig$sub0000> created at line 66.
    Summary:
	inferred   2 Adder/Subtractor(s).
	inferred   1 Comparator(s).
Unit <sec> synthesized.


=========================================================================
HDL Synthesis Report

Macro Statistics
# Adders/Subtractors                                   : 2
 9-bit adder                                           : 1
 9-bit subtractor                                      : 1
# Comparators                                          : 1
 17-bit comparator greater                             : 1

=========================================================================

=========================================================================
*                       Advanced HDL Synthesis                          *
=========================================================================


=========================================================================
Advanced HDL Synthesis Report

Macro Statistics
# Adders/Subtractors                                   : 2
 9-bit adder                                           : 1
 9-bit subtractor                                      : 1
# Comparators                                          : 1
 17-bit comparator greater                             : 1

=========================================================================

=========================================================================
*                         Low Level Synthesis                           *
=========================================================================

Optimizing unit <sec> ...

Mapping all equations...
Building and optimizing final netlist ...
Found area constraint ratio of 100 (+ 5) on block sec, actual ratio is 10.

Final Macro Processing ...

=========================================================================
Final Register Report

Found no macro
=========================================================================

=========================================================================
*                           Partition Report                            *
=========================================================================

Partition Implementation Status
-------------------------------

  No Partitions were found in this design.

-------------------------------

=========================================================================
*                            Final Report                               *
=========================================================================
Final Results
RTL Top Level Output File Name     : sec.ngr
Top Level Output File Name         : sec
Output Format                      : NGC
Optimization Goal                  : Speed
Keep Hierarchy                     : No

Design Statistics
# IOs                              : 88

Cell Usage :
# BELS                             : 814
#      GND                         : 1
#      LUT2                        : 46
#      LUT3                        : 64
#      LUT4                        : 668
#      MUXCY                       : 8
#      MUXF5                       : 17
#      VCC                         : 1
#      XORCY                       : 9
# IO Buffers                       : 88
#      IBUF                        : 55
#      OBUF                        : 33
=========================================================================

Device utilization summary:
---------------------------

Selected Device : 3s500efg320-5 

 Number of Slices:                      445  out of   4656     9%  
 Number of 4 input LUTs:                778  out of   9312     8%  
 Number of IOs:                          88
 Number of bonded IOBs:                  88  out of    232    37%  

---------------------------
Partition Resource Summary:
---------------------------

  No Partitions were found in this design.

---------------------------


=========================================================================
TIMING REPORT

NOTE: THESE TIMING NUMBERS ARE ONLY A SYNTHESIS ESTIMATE.
      FOR ACCURATE TIMING INFORMATION PLEASE REFER TO THE TRACE REPORT
      GENERATED AFTER PLACE-and-ROUTE.

Clock Information:
------------------
No clock signals found in this design

Asynchronous Control Signals Information:
----------------------------------------
No asynchronous control signals found in this design

Timing Summary:
---------------
Speed Grade: -5

   Minimum period: No path found
   Minimum input arrival time before clock: No path found
   Maximum output required time after clock: No path found
   Maximum combinational path delay: 31.670ns

Timing Detail:
--------------
All values displayed in nanoseconds (ns)

=========================================================================
Timing constraint: Default path analysis
  Total number of paths / destination ports: 184810 / 33
-------------------------------------------------------------------------
Delay:               31.670ns (Levels of Logic = 26)
  Source:            man1<5> (PAD)
  Destination:       manout<10> (PAD)

  Data Path: man1<5> to manout<10>
                                Gate     Net
    Cell:in->out      fanout   Delay   Delay  Logical Name (Net Name)
    ----------------------------------------  ------------
     IBUF:I->O            28   1.106   1.224  man1_5_IBUF (man1_5_IBUF)
     LUT4:I0->O            1   0.612   0.360  shift_mux0046<1>18 (shift_mux0046<1>18)
     LUT4:I3->O            1   0.612   0.387  shift_mux0046<1>40_SW0 (N67)
     LUT4:I2->O            1   0.612   0.387  shift_mux0046<1>40 (shift_mux0046<1>40)
     LUT4:I2->O            1   0.612   0.360  shift_mux0046<1>85_SW0 (N69)
     LUT4:I3->O            1   0.612   0.360  shift_mux0046<1>85 (shift_mux0046<1>85)
     LUT4:I3->O            1   0.612   0.387  shift_mux0046<1>122_SW0 (N711)
     LUT4:I2->O            1   0.612   0.387  shift_mux0046<1>122 (shift_mux0046<1>122)
     LUT4:I2->O            1   0.612   0.360  shift_mux0046<1>163_SW0 (N73)
     LUT4:I3->O            1   0.612   0.360  shift_mux0046<1>163 (shift_mux0046<1>163)
     LUT4:I3->O            1   0.612   0.387  shift_mux0046<1>200_SW0 (N75)
     LUT4:I2->O            1   0.612   0.387  shift_mux0046<1>200 (shift_mux0046<1>200)
     LUT4:I2->O            1   0.612   0.360  shift_mux0046<1>241_SW0 (N771)
     LUT4:I3->O            1   0.612   0.387  shift_mux0046<1>241 (shift_mux0046<1>241)
     LUT3:I2->O            1   0.612   0.387  shift_mux0046<1>278_SW0 (N87)
     LUT4:I2->O           29   0.612   1.102  shift_mux0046<1>278 (shift_mux0046<1>)
     LUT3:I2->O            9   0.612   0.849  manout_23_mux0002111 (N391)
     LUT4:I0->O           10   0.612   0.819  manout_0_cmp_eq001511 (manout_20_cmp_eq0002)
     LUT2:I1->O           22   0.612   0.992  manout_0_cmp_eq00152 (manout_0_cmp_eq0015)
     LUT4:I3->O            1   0.612   0.426  manout_10_mux000296 (manout_10_mux000296)
     LUT2:I1->O            1   0.612   0.360  manout_10_mux0002125_SW0 (N111)
     LUT4:I3->O            1   0.612   0.509  manout_10_mux0002125 (manout_10_mux0002125)
     LUT4:I0->O            1   0.612   0.387  manout_10_mux0002249_SW0 (N173)
     LUT4:I2->O            1   0.612   0.426  manout_10_mux0002249 (manout_10_mux0002249)
     LUT2:I1->O            1   0.612   0.357  manout_10_mux0002258 (manout_10_OBUF)
     OBUF:I->O                 3.169          manout_10_OBUF (manout<10>)
    ----------------------------------------
    Total                     31.670ns (18.963ns logic, 12.707ns route)
                                       (59.9% logic, 40.1% route)

=========================================================================


Total REAL time to Xst completion: 20.00 secs
Total CPU time to Xst completion: 20.10 secs
 
--> 

Total memory usage is 297804 kilobytes

Number of errors   :    0 (   0 filtered)
Number of warnings :    2 (   0 filtered)
Number of infos    :    0 (   0 filtered)

